<?xml version="1.0" encoding="UTF-8"?>
<testsuite name="mytips.model.RunCukesTest" tests="0" skipped="0" failures="0" errors="0" timestamp="1970-01-01T00:00:00" hostname="fuxi16" time="0.0">
  <properties/>
  <system-out><![CDATA[Feature: User can create a new book reading tip
print: 
Tervetuloa lukuvinkkisovellukseen!
print: 
Mitä haluat tehdä?
1 - Hallinnoi lukuvinkkejä
2 - Selaa lukuvinkkejä
3 - Lopeta

print: 
Lukuvinkkien hallinnointi

Mitä haluat tehdä?
1 - Lisää lukuvinkki
2 - Muokkaa lukuvinkkiä
3 - Poista lukuvinkki
4 - Palaa alkuun

print: 
Lukuvinkin lisäys

Minkä lukuvinkin haluat lisätä?
1 - Kirja
2 - Video tai blogipostaus
3 - Podcast
4 - Palaa lukuvinkkien hallinnointivalikkoon

print: 
Lisää uusi kirjalukuvinkki
Anna ISBN: 
print: 
Anna kirjoittaja: 
print: 
Anna otsikko: 
print: 
Lisää kommentti: 
print: 
Lisää tiivistelmä: 
print: 
1 - Lisää tagi
2 - Lisää esitietokurssi
3 - Lisää aiheeseen liittyvä kurssi
4 - Valmis

print: Kirja tallennettu!
print: 
Mitä haluat tehdä?
1 - Hallinnoi lukuvinkkejä
2 - Selaa lukuvinkkejä
3 - Lopeta


  Scenario: adding a booktip is succsessfull with valid inputs                                                                                ?[90m# mytips/model/newBookTip.feature:3?[0m
    ?[32mGiven ?[0m?[32mcommands hallinnoi lukuvinkkejä, lisää lukuvinkki ja kirja are selected?[0m                                                             ?[90m# Stepdefs.commands_hallinnoi_lukuvinkkejä_lisää_lukuvinkki_ja_kirja_are_selected()?[0m
    ?[32mWhen ?[0m?[32mvalid isbn "?[0m?[32m?[1m951-98548-9-4?[0m?[32m", author "?[0m?[32m?[1mkirjan kirjailija?[0m?[32m", title "?[0m?[32m?[1mpaksu kirja?[0m?[32m", comment "?[0m?[32m?[1mkiva kirja?[0m?[32m", summary "?[0m?[32m?[1mjotain jännää?[0m?[32m" are given?[0m ?[90m# Stepdefs.valid_isbn_author_title_comment_summary_are_given(String,String,String,String,String)?[0m
    ?[32mAnd ?[0m?[32mcommand valmis is selected?[0m                                                                                                            ?[90m# Stepdefs.command_valmis_is_selected()?[0m
    ?[32mThen ?[0m?[32mthe booktip is saved and the system prints "?[0m?[32m?[1mKirja tallennettu!?[0m?[32m"?[0m                                                                      ?[90m# Stepdefs.the_booktip_is_saved_and_the_system_prints(String)?[0m

1 Scenarios (?[32m1 passed?[0m)
4 Steps (?[32m4 passed?[0m)
0m0.126s

]]></system-out>
  <system-err><![CDATA[]]></system-err>
</testsuite>
