<?xml version="1.0" encoding="UTF-8"?>
<testsuite name="Scenario: adding a booktip is succsessfull with valid inputs" tests="5" skipped="0" failures="0" errors="0" timestamp="2018-11-29T20:35:30" hostname="fuxi16" time="0.022">
  <properties/>
  <testcase name="Given commands hallinnoi lukuvinkkejä, lisää lukuvinkki ja kirja are selected" classname="Scenario: adding a booktip is succsessfull with valid inputs" time="0.002"/>
  <testcase name="When valid isbn &quot;951-98548-9-4&quot;, author &quot;kirjan kirjailija&quot;, title &quot;paksu kirja&quot;, comment &quot;kiva kirja&quot;, summary &quot;jotain jännää&quot; are given" classname="Scenario: adding a booktip is succsessfull with valid inputs" time="0.0"/>
  <testcase name="And command valmis is selected" classname="Scenario: adding a booktip is succsessfull with valid inputs" time="0.0"/>
  <testcase name="Then the booktip is saved and the system prints &quot;Kirja tallennettu!&quot;" classname="Scenario: adding a booktip is succsessfull with valid inputs" time="0.0"/>
  <testcase name="classMethod" classname="Scenario: adding a booktip is succsessfull with valid inputs" time="0.279"/>
  <system-out><![CDATA[]]></system-out>
  <system-err><![CDATA[]]></system-err>
</testsuite>
